{"C:\\Users\\mtx28\\devfolder_local\\linked_list_js\\LinkedList.js": {"path":"C:\\Users\\mtx28\\devfolder_local\\linked_list_js\\LinkedList.js","statementMap":{"0":{"start":{"line":3,"column":4},"end":{"line":3,"column":21}},"1":{"start":{"line":4,"column":4},"end":{"line":4,"column":20}},"2":{"start":{"line":8,"column":20},"end":{"line":8,"column":55}},"3":{"start":{"line":9,"column":4},"end":{"line":9,"column":24}},"4":{"start":{"line":10,"column":4},"end":{"line":10,"column":18}},"5":{"start":{"line":14,"column":4},"end":{"line":14,"column":55}},"6":{"start":{"line":14,"column":43},"end":{"line":14,"column":55}},"7":{"start":{"line":16,"column":18},"end":{"line":16,"column":27}},"8":{"start":{"line":17,"column":4},"end":{"line":19,"column":5}},"9":{"start":{"line":17,"column":17},"end":{"line":17,"column":18}},"10":{"start":{"line":18,"column":6},"end":{"line":18,"column":29}},"11":{"start":{"line":20,"column":4},"end":{"line":20,"column":19}},"12":{"start":{"line":24,"column":4},"end":{"line":24,"column":53}},"13":{"start":{"line":24,"column":21},"end":{"line":24,"column":53}},"14":{"start":{"line":26,"column":17},"end":{"line":26,"column":43}},"15":{"start":{"line":27,"column":4},"end":{"line":27,"column":34}},"16":{"start":{"line":27,"column":22},"end":{"line":27,"column":34}},"17":{"start":{"line":29,"column":4},"end":{"line":29,"column":53}},"18":{"start":{"line":30,"column":4},"end":{"line":30,"column":18}},"19":{"start":{"line":34,"column":17},"end":{"line":34,"column":19}},"20":{"start":{"line":35,"column":18},"end":{"line":35,"column":27}},"21":{"start":{"line":36,"column":4},"end":{"line":39,"column":5}},"22":{"start":{"line":37,"column":6},"end":{"line":37,"column":47}},"23":{"start":{"line":38,"column":6},"end":{"line":38,"column":29}},"24":{"start":{"line":40,"column":4},"end":{"line":40,"column":33}},"25":{"start":{"line":46,"column":4},"end":{"line":46,"column":23}},"26":{"start":{"line":47,"column":4},"end":{"line":47,"column":21}},"27":{"start":{"line":51,"column":0},"end":{"line":57,"column":2}},"28":{"start":{"line":52,"column":13},"end":{"line":52,"column":29}},"29":{"start":{"line":53,"column":2},"end":{"line":55,"column":3}},"30":{"start":{"line":53,"column":15},"end":{"line":53,"column":32}},"31":{"start":{"line":54,"column":4},"end":{"line":54,"column":31}},"32":{"start":{"line":56,"column":2},"end":{"line":56,"column":12}},"33":{"start":{"line":59,"column":0},"end":{"line":59,"column":28}}},"fnMap":{"0":{"name":"(anonymous_0)","decl":{"start":{"line":2,"column":2},"end":{"line":2,"column":3}},"loc":{"start":{"line":2,"column":16},"end":{"line":5,"column":3}},"line":2},"1":{"name":"(anonymous_1)","decl":{"start":{"line":7,"column":2},"end":{"line":7,"column":3}},"loc":{"start":{"line":7,"column":21},"end":{"line":11,"column":3}},"line":7},"2":{"name":"(anonymous_2)","decl":{"start":{"line":13,"column":2},"end":{"line":13,"column":3}},"loc":{"start":{"line":13,"column":20},"end":{"line":21,"column":3}},"line":13},"3":{"name":"(anonymous_3)","decl":{"start":{"line":23,"column":2},"end":{"line":23,"column":3}},"loc":{"start":{"line":23,"column":30},"end":{"line":31,"column":3}},"line":23},"4":{"name":"(anonymous_4)","decl":{"start":{"line":33,"column":2},"end":{"line":33,"column":3}},"loc":{"start":{"line":33,"column":10},"end":{"line":41,"column":3}},"line":33},"5":{"name":"(anonymous_5)","decl":{"start":{"line":45,"column":2},"end":{"line":45,"column":3}},"loc":{"start":{"line":45,"column":27},"end":{"line":48,"column":3}},"line":45},"6":{"name":"(anonymous_6)","decl":{"start":{"line":51,"column":24},"end":{"line":51,"column":25}},"loc":{"start":{"line":51,"column":45},"end":{"line":57,"column":1}},"line":51}},"branchMap":{"0":{"loc":{"start":{"line":14,"column":4},"end":{"line":14,"column":55}},"type":"if","locations":[{"start":{"line":14,"column":4},"end":{"line":14,"column":55}},{"start":{"line":14,"column":4},"end":{"line":14,"column":55}}],"line":14},"1":{"loc":{"start":{"line":14,"column":8},"end":{"line":14,"column":41}},"type":"binary-expr","locations":[{"start":{"line":14,"column":8},"end":{"line":14,"column":17}},{"start":{"line":14,"column":21},"end":{"line":14,"column":41}}],"line":14},"2":{"loc":{"start":{"line":24,"column":4},"end":{"line":24,"column":53}},"type":"if","locations":[{"start":{"line":24,"column":4},"end":{"line":24,"column":53}},{"start":{"line":24,"column":4},"end":{"line":24,"column":53}}],"line":24},"3":{"loc":{"start":{"line":27,"column":4},"end":{"line":27,"column":34}},"type":"if","locations":[{"start":{"line":27,"column":4},"end":{"line":27,"column":34}},{"start":{"line":27,"column":4},"end":{"line":27,"column":34}}],"line":27}},"s":{"0":9,"1":9,"2":23,"3":23,"4":23,"5":8,"6":4,"7":4,"8":4,"9":4,"10":5,"11":4,"12":4,"13":1,"14":3,"15":3,"16":2,"17":1,"18":1,"19":0,"20":0,"21":0,"22":0,"23":0,"24":0,"25":24,"26":24,"27":1,"28":8,"29":8,"30":8,"31":20,"32":8,"33":1},"f":{"0":9,"1":23,"2":8,"3":4,"4":0,"5":24,"6":8},"b":{"0":[4,4],"1":[8,6],"2":[1,3],"3":[2,1]},"_coverageSchema":"1a1c01bbd47fc00a2c39e90264f33305004495a9","hash":"c606a67ce3774242d273ecd95f2d12d81010b3a2"}
}
